<?xml version="1.0" encoding="UTF-8"?>
<testsuite xmlns:xsi="http://www.w3.org/2001/XMLSchema-instance" xsi:noNamespaceSchemaLocation="https://maven.apache.org/surefire/maven-surefire-plugin/xsd/surefire-test-report.xsd" name="org.aguzman.junit5app.ejemplos.models.CuentaTest" time="5.317" tests="72" errors="2" skipped="11" failures="9">
  <properties>
    <property name="java.specification.version" value="17"/>
    <property name="sun.cpu.isalist" value="amd64"/>
    <property name="sun.jnu.encoding" value="Cp1252"/>
    <property name="java.class.path" value="C:\WorkspaceEstudio\Udemy\JUnit5Mockito\target\test-classes;C:\WorkspaceEstudio\Udemy\JUnit5Mockito\target\classes;C:\repository\org\junit\jupiter\junit-jupiter\5.8.2\junit-jupiter-5.8.2.jar;C:\repository\org\junit\jupiter\junit-jupiter-api\5.8.2\junit-jupiter-api-5.8.2.jar;C:\repository\org\opentest4j\opentest4j\1.2.0\opentest4j-1.2.0.jar;C:\repository\org\junit\platform\junit-platform-commons\1.8.2\junit-platform-commons-1.8.2.jar;C:\repository\org\apiguardian\apiguardian-api\1.1.2\apiguardian-api-1.1.2.jar;C:\repository\org\junit\jupiter\junit-jupiter-params\5.8.2\junit-jupiter-params-5.8.2.jar;C:\repository\org\junit\jupiter\junit-jupiter-engine\5.8.2\junit-jupiter-engine-5.8.2.jar;C:\repository\org\junit\platform\junit-platform-engine\1.8.2\junit-platform-engine-1.8.2.jar;"/>
    <property name="java.vm.vendor" value="Oracle Corporation"/>
    <property name="sun.arch.data.model" value="64"/>
    <property name="user.variant" value=""/>
    <property name="java.vendor.url" value="https://java.oracle.com/"/>
    <property name="user.timezone" value="America/Lima"/>
    <property name="os.name" value="Windows 10"/>
    <property name="java.vm.specification.version" value="17"/>
    <property name="sun.java.launcher" value="SUN_STANDARD"/>
    <property name="user.country" value="PE"/>
    <property name="sun.boot.library.path" value="C:\Program Files\Java\jdk-17.0.1\bin"/>
    <property name="sun.java.command" value="C:\Users\rpascaci\AppData\Local\Temp\surefire14231019077276684725\surefirebooter12244175803474590799.jar C:\Users\rpascaci\AppData\Local\Temp\surefire14231019077276684725 2022-05-10T16-53-59_277-jvmRun1 surefire8271788551518197555tmp surefire_03659078547614687070tmp"/>
    <property name="jdk.debug" value="release"/>
    <property name="surefire.test.class.path" value="C:\WorkspaceEstudio\Udemy\JUnit5Mockito\target\test-classes;C:\WorkspaceEstudio\Udemy\JUnit5Mockito\target\classes;C:\repository\org\junit\jupiter\junit-jupiter\5.8.2\junit-jupiter-5.8.2.jar;C:\repository\org\junit\jupiter\junit-jupiter-api\5.8.2\junit-jupiter-api-5.8.2.jar;C:\repository\org\opentest4j\opentest4j\1.2.0\opentest4j-1.2.0.jar;C:\repository\org\junit\platform\junit-platform-commons\1.8.2\junit-platform-commons-1.8.2.jar;C:\repository\org\apiguardian\apiguardian-api\1.1.2\apiguardian-api-1.1.2.jar;C:\repository\org\junit\jupiter\junit-jupiter-params\5.8.2\junit-jupiter-params-5.8.2.jar;C:\repository\org\junit\jupiter\junit-jupiter-engine\5.8.2\junit-jupiter-engine-5.8.2.jar;C:\repository\org\junit\platform\junit-platform-engine\1.8.2\junit-platform-engine-1.8.2.jar;"/>
    <property name="sun.cpu.endian" value="little"/>
    <property name="user.home" value="C:\Users\rpascaci"/>
    <property name="user.language" value="es"/>
    <property name="java.specification.vendor" value="Oracle Corporation"/>
    <property name="java.version.date" value="2021-10-19"/>
    <property name="java.home" value="C:\Program Files\Java\jdk-17.0.1"/>
    <property name="file.separator" value="\"/>
    <property name="basedir" value="C:\WorkspaceEstudio\Udemy\JUnit5Mockito"/>
    <property name="java.vm.compressedOopsMode" value="Zero based"/>
    <property name="line.separator" value="&#10;"/>
    <property name="java.vm.specification.vendor" value="Oracle Corporation"/>
    <property name="java.specification.name" value="Java Platform API Specification"/>
    <property name="surefire.real.class.path" value="C:\Users\rpascaci\AppData\Local\Temp\surefire14231019077276684725\surefirebooter12244175803474590799.jar"/>
    <property name="user.script" value=""/>
    <property name="sun.management.compiler" value="HotSpot 64-Bit Tiered Compilers"/>
    <property name="java.runtime.version" value="17.0.1+12-LTS-39"/>
    <property name="user.name" value="rpascaci"/>
    <property name="path.separator" value=";"/>
    <property name="os.version" value="10.0"/>
    <property name="java.runtime.name" value="Java(TM) SE Runtime Environment"/>
    <property name="file.encoding" value="Cp1252"/>
    <property name="java.vm.name" value="Java HotSpot(TM) 64-Bit Server VM"/>
    <property name="localRepository" value="C:\repository"/>
    <property name="java.vendor.url.bug" value="https://bugreport.java.com/bugreport/"/>
    <property name="java.io.tmpdir" value="C:\Users\rpascaci\AppData\Local\Temp\"/>
    <property name="java.version" value="17.0.1"/>
    <property name="user.dir" value="C:\WorkspaceEstudio\Udemy\JUnit5Mockito"/>
    <property name="os.arch" value="amd64"/>
    <property name="java.vm.specification.name" value="Java Virtual Machine Specification"/>
    <property name="sun.os.patch.level" value=""/>
    <property name="native.encoding" value="Cp1252"/>
    <property name="java.library.path" value="C:\Program Files\Java\jdk-17.0.1\bin;C:\WINDOWS\Sun\Java\bin;C:\WINDOWS\system32;C:\WINDOWS;C:\oraclexe\app\oracle\product\11.2.0\server\bin;C:\Program Files\Java\jdk-17.0.1\\bin;C:\oraclexe\app\oracle\product\11.2.0\server\bin;C:\apache-maven-3.8.4\bin;C:\WINDOWS\system32;C:\WINDOWS;C:\WINDOWS\System32\Wbem;C:\WINDOWS\System32\WindowsPowerShell\v1.0\;C:\WINDOWS\System32\OpenSSH\;C:\Program Files\PuTTY\;C:\Program Files\Git\cmd;C:\Program Files (x86)\GitExtensions\;C:\Program Files\MongoDB\Server\5.0\bin;C:\Program Files\nodejs\;C:\Program Files\dotnet\;C:\sonar-scanner-4.7.0.2747-windows\bin;C:\Users\rpascaci\AppData\Local\Microsoft\WindowsApps;;C:\Microsoft VS Code\bin;C:\Users\rpascaci\AppData\Roaming\npm;."/>
    <property name="java.vm.info" value="mixed mode, sharing"/>
    <property name="java.vendor" value="Oracle Corporation"/>
    <property name="java.vm.version" value="17.0.1+12-LTS-39"/>
    <property name="sun.io.unicode.encoding" value="UnicodeLittle"/>
    <property name="java.class.version" value="61.0"/>
  </properties>
  <testcase name="testDineroInsuficienteExceptionCuenta" classname="org.aguzman.junit5app.ejemplos.models.CuentaTest" time="0.041"/>
  <testcase name="testSaldoCuentaDev" classname="org.aguzman.junit5app.ejemplos.models.CuentaTest" time="0">
    <skipped message="Assumption failed: assumption is not true" type="org.opentest4j.TestAbortedException">org.opentest4j.TestAbortedException: Assumption failed: assumption is not true
	at org.aguzman.junit5app.ejemplos.models.CuentaTest.testSaldoCuentaDev(CuentaTest.java:317)
</skipped>
    <system-out><![CDATA[Iniciando el metodo.
finalizando el metodo de prueba
]]></system-out>
  </testcase>
  <testcase name="testSaldoCuentaDev2" classname="org.aguzman.junit5app.ejemplos.models.CuentaTest" time="0.002"/>
  <testcase name="testRelacionBancoCuentas" classname="org.aguzman.junit5app.ejemplos.models.CuentaTest" time="0">
    <skipped message="void org.aguzman.junit5app.ejemplos.models.CuentaTest.testRelacionBancoCuentas() is @Disabled"/>
  </testcase>
  <testcase name="testDebitoCuentaMethodSource{String}[1]" classname="org.aguzman.junit5app.ejemplos.models.CuentaTest" time="0.014"/>
  <testcase name="testDebitoCuentaMethodSource{String}[2]" classname="org.aguzman.junit5app.ejemplos.models.CuentaTest" time="0.001"/>
  <testcase name="testDebitoCuentaMethodSource{String}[3]" classname="org.aguzman.junit5app.ejemplos.models.CuentaTest" time="0.001"/>
  <testcase name="testDebitoCuentaMethodSource{String}[4]" classname="org.aguzman.junit5app.ejemplos.models.CuentaTest" time="0"/>
  <testcase name="testDebitoCuentaMethodSource{String}[5]" classname="org.aguzman.junit5app.ejemplos.models.CuentaTest" time="0.002"/>
  <testcase name="testDebitoCuentaMethodSource{String}[6]" classname="org.aguzman.junit5app.ejemplos.models.CuentaTest" time="0.002">
    <failure message="expected: &lt;true&gt; but was: &lt;false&gt;" type="org.opentest4j.AssertionFailedError"><![CDATA[org.opentest4j.AssertionFailedError: expected: <true> but was: <false>
	at org.aguzman.junit5app.ejemplos.models.CuentaTest.testDebitoCuentaMethodSource(CuentaTest.java:415)
]]></failure>
    <system-out><![CDATA[Iniciando el metodo.
finalizando el metodo de prueba
]]></system-out>
  </testcase>
  <testcase name="testDebitoCuentaRepetir{RepetitionInfo}[1]" classname="org.aguzman.junit5app.ejemplos.models.CuentaTest" time="0.001"/>
  <testcase name="testDebitoCuentaRepetir{RepetitionInfo}[2]" classname="org.aguzman.junit5app.ejemplos.models.CuentaTest" time="0"/>
  <testcase name="testDebitoCuentaRepetir{RepetitionInfo}[3]" classname="org.aguzman.junit5app.ejemplos.models.CuentaTest" time="0.003"/>
  <testcase name="testDebitoCuentaRepetir{RepetitionInfo}[4]" classname="org.aguzman.junit5app.ejemplos.models.CuentaTest" time="0.002"/>
  <testcase name="testDebitoCuentaRepetir{RepetitionInfo}[5]" classname="org.aguzman.junit5app.ejemplos.models.CuentaTest" time="0.001"/>
  <testcase name="pruebaTimeOut2" classname="org.aguzman.junit5app.ejemplos.models.CuentaTest$EjemploTimeoutTest" time="0.907"/>
  <testcase name="testTimeoutAssertions" classname="org.aguzman.junit5app.ejemplos.models.CuentaTest$EjemploTimeoutTest" time="4.008"/>
  <testcase name="pruebaTimeOut" classname="org.aguzman.junit5app.ejemplos.models.CuentaTest$EjemploTimeoutTest" time="0.105"/>
  <testcase name="testDebitoCuentaCsvSource2{String, String, String, String}[1]" classname="org.aguzman.junit5app.ejemplos.models.CuentaTest$PruebasParametrizadasTest" time="0.006">
    <failure message="expected: &lt;John&gt; but was: &lt;Andres&gt;" type="org.opentest4j.AssertionFailedError"><![CDATA[org.opentest4j.AssertionFailedError: expected: <John> but was: <Andres>
	at org.aguzman.junit5app.ejemplos.models.CuentaTest$PruebasParametrizadasTest.testDebitoCuentaCsvSource2(CuentaTest.java:383)
]]></failure>
    <system-out><![CDATA[Iniciando el metodo.
200 -> 100
finalizando el metodo de prueba
]]></system-out>
  </testcase>
  <testcase name="testDebitoCuentaCsvSource2{String, String, String, String}[2]" classname="org.aguzman.junit5app.ejemplos.models.CuentaTest$PruebasParametrizadasTest" time="0.001"/>
  <testcase name="testDebitoCuentaCsvSource2{String, String, String, String}[3]" classname="org.aguzman.junit5app.ejemplos.models.CuentaTest$PruebasParametrizadasTest" time="0.001">
    <error message="Dinero insuficiente" type="org.aguzman.junit5app.ejemplos.exceptions.DineroInsuficienteException">org.aguzman.junit5app.ejemplos.exceptions.DineroInsuficienteException: Dinero insuficiente
	at org.aguzman.junit5app.ejemplos.models.CuentaTest$PruebasParametrizadasTest.testDebitoCuentaCsvSource2(CuentaTest.java:379)
</error>
    <system-out><![CDATA[Iniciando el metodo.
299 -> 300
finalizando el metodo de prueba
]]></system-out>
  </testcase>
  <testcase name="testDebitoCuentaCsvSource2{String, String, String, String}[4]" classname="org.aguzman.junit5app.ejemplos.models.CuentaTest$PruebasParametrizadasTest" time="0.001"/>
  <testcase name="testDebitoCuentaCsvSource2{String, String, String, String}[5]" classname="org.aguzman.junit5app.ejemplos.models.CuentaTest$PruebasParametrizadasTest" time="0.004">
    <failure message="expected: &lt;Lucas&gt; but was: &lt;Luca&gt;" type="org.opentest4j.AssertionFailedError"><![CDATA[org.opentest4j.AssertionFailedError: expected: <Lucas> but was: <Luca>
	at org.aguzman.junit5app.ejemplos.models.CuentaTest$PruebasParametrizadasTest.testDebitoCuentaCsvSource2(CuentaTest.java:383)
]]></failure>
    <system-out><![CDATA[Iniciando el metodo.
750 -> 700
finalizando el metodo de prueba
]]></system-out>
  </testcase>
  <testcase name="testDebitoCuentaCsvSource2{String, String, String, String}[6]" classname="org.aguzman.junit5app.ejemplos.models.CuentaTest$PruebasParametrizadasTest" time="0.001">
    <failure message="expected: &lt;true&gt; but was: &lt;false&gt;" type="org.opentest4j.AssertionFailedError"><![CDATA[org.opentest4j.AssertionFailedError: expected: <true> but was: <false>
	at org.aguzman.junit5app.ejemplos.models.CuentaTest$PruebasParametrizadasTest.testDebitoCuentaCsvSource2(CuentaTest.java:384)
]]></failure>
    <system-out><![CDATA[Iniciando el metodo.
1000.12345 -> 1000.12345
finalizando el metodo de prueba
]]></system-out>
  </testcase>
  <testcase name="testDebitoCuentaCsvSource{String, String}[1]" classname="org.aguzman.junit5app.ejemplos.models.CuentaTest$PruebasParametrizadasTest" time="0.001"/>
  <testcase name="testDebitoCuentaCsvSource{String, String}[2]" classname="org.aguzman.junit5app.ejemplos.models.CuentaTest$PruebasParametrizadasTest" time="0.001"/>
  <testcase name="testDebitoCuentaCsvSource{String, String}[3]" classname="org.aguzman.junit5app.ejemplos.models.CuentaTest$PruebasParametrizadasTest" time="0.001"/>
  <testcase name="testDebitoCuentaCsvSource{String, String}[4]" classname="org.aguzman.junit5app.ejemplos.models.CuentaTest$PruebasParametrizadasTest" time="0.001"/>
  <testcase name="testDebitoCuentaCsvSource{String, String}[5]" classname="org.aguzman.junit5app.ejemplos.models.CuentaTest$PruebasParametrizadasTest" time="0.001"/>
  <testcase name="testDebitoCuentaCsvSource{String, String}[6]" classname="org.aguzman.junit5app.ejemplos.models.CuentaTest$PruebasParametrizadasTest" time="0.001">
    <failure message="expected: &lt;true&gt; but was: &lt;false&gt;" type="org.opentest4j.AssertionFailedError"><![CDATA[org.opentest4j.AssertionFailedError: expected: <true> but was: <false>
	at org.aguzman.junit5app.ejemplos.models.CuentaTest$PruebasParametrizadasTest.testDebitoCuentaCsvSource(CuentaTest.java:370)
]]></failure>
    <system-out><![CDATA[Iniciando el metodo.
6 -> 1000.12345
finalizando el metodo de prueba
]]></system-out>
  </testcase>
  <testcase name="testDebitoCuentaCsvFileSource{String}[1]" classname="org.aguzman.junit5app.ejemplos.models.CuentaTest$PruebasParametrizadasTest" time="0"/>
  <testcase name="testDebitoCuentaCsvFileSource{String}[2]" classname="org.aguzman.junit5app.ejemplos.models.CuentaTest$PruebasParametrizadasTest" time="0.001"/>
  <testcase name="testDebitoCuentaCsvFileSource{String}[3]" classname="org.aguzman.junit5app.ejemplos.models.CuentaTest$PruebasParametrizadasTest" time="0.001"/>
  <testcase name="testDebitoCuentaCsvFileSource{String}[4]" classname="org.aguzman.junit5app.ejemplos.models.CuentaTest$PruebasParametrizadasTest" time="0.001"/>
  <testcase name="testDebitoCuentaCsvFileSource{String}[5]" classname="org.aguzman.junit5app.ejemplos.models.CuentaTest$PruebasParametrizadasTest" time="0.002"/>
  <testcase name="testDebitoCuentaCsvFileSource{String}[6]" classname="org.aguzman.junit5app.ejemplos.models.CuentaTest$PruebasParametrizadasTest" time="0.001"/>
  <testcase name="testDebitoCuentaCsvFileSource{String}[7]" classname="org.aguzman.junit5app.ejemplos.models.CuentaTest$PruebasParametrizadasTest" time="0.001">
    <failure message="expected: &lt;true&gt; but was: &lt;false&gt;" type="org.opentest4j.AssertionFailedError"><![CDATA[org.opentest4j.AssertionFailedError: expected: <true> but was: <false>
	at org.aguzman.junit5app.ejemplos.models.CuentaTest$PruebasParametrizadasTest.testDebitoCuentaCsvFileSource(CuentaTest.java:393)
]]></failure>
    <system-out><![CDATA[Iniciando el metodo.
finalizando el metodo de prueba
]]></system-out>
  </testcase>
  <testcase name="testDebitoCuentaCsvFileSource2{String, String, String, String}[1]" classname="org.aguzman.junit5app.ejemplos.models.CuentaTest$PruebasParametrizadasTest" time="0.001">
    <failure message="expected: &lt;John&gt; but was: &lt;Andres&gt;" type="org.opentest4j.AssertionFailedError"><![CDATA[org.opentest4j.AssertionFailedError: expected: <John> but was: <Andres>
	at org.aguzman.junit5app.ejemplos.models.CuentaTest$PruebasParametrizadasTest.testDebitoCuentaCsvFileSource2(CuentaTest.java:405)
]]></failure>
    <system-out><![CDATA[Iniciando el metodo.
finalizando el metodo de prueba
]]></system-out>
  </testcase>
  <testcase name="testDebitoCuentaCsvFileSource2{String, String, String, String}[2]" classname="org.aguzman.junit5app.ejemplos.models.CuentaTest$PruebasParametrizadasTest" time="0.001"/>
  <testcase name="testDebitoCuentaCsvFileSource2{String, String, String, String}[3]" classname="org.aguzman.junit5app.ejemplos.models.CuentaTest$PruebasParametrizadasTest" time="0.001">
    <error message="Dinero insuficiente" type="org.aguzman.junit5app.ejemplos.exceptions.DineroInsuficienteException">org.aguzman.junit5app.ejemplos.exceptions.DineroInsuficienteException: Dinero insuficiente
	at org.aguzman.junit5app.ejemplos.models.CuentaTest$PruebasParametrizadasTest.testDebitoCuentaCsvFileSource2(CuentaTest.java:401)
</error>
    <system-out><![CDATA[Iniciando el metodo.
finalizando el metodo de prueba
]]></system-out>
  </testcase>
  <testcase name="testDebitoCuentaCsvFileSource2{String, String, String, String}[4]" classname="org.aguzman.junit5app.ejemplos.models.CuentaTest$PruebasParametrizadasTest" time="0.001"/>
  <testcase name="testDebitoCuentaCsvFileSource2{String, String, String, String}[5]" classname="org.aguzman.junit5app.ejemplos.models.CuentaTest$PruebasParametrizadasTest" time="0.004">
    <failure message="expected: &lt;Lucas&gt; but was: &lt;Luca&gt;" type="org.opentest4j.AssertionFailedError"><![CDATA[org.opentest4j.AssertionFailedError: expected: <Lucas> but was: <Luca>
	at org.aguzman.junit5app.ejemplos.models.CuentaTest$PruebasParametrizadasTest.testDebitoCuentaCsvFileSource2(CuentaTest.java:405)
]]></failure>
    <system-out><![CDATA[Iniciando el metodo.
finalizando el metodo de prueba
]]></system-out>
  </testcase>
  <testcase name="testDebitoCuentaCsvFileSource2{String, String, String, String}[6]" classname="org.aguzman.junit5app.ejemplos.models.CuentaTest$PruebasParametrizadasTest" time="0.001">
    <failure message="expected: &lt;true&gt; but was: &lt;false&gt;" type="org.opentest4j.AssertionFailedError"><![CDATA[org.opentest4j.AssertionFailedError: expected: <true> but was: <false>
	at org.aguzman.junit5app.ejemplos.models.CuentaTest$PruebasParametrizadasTest.testDebitoCuentaCsvFileSource2(CuentaTest.java:406)
]]></failure>
    <system-out><![CDATA[Iniciando el metodo.
finalizando el metodo de prueba
]]></system-out>
  </testcase>
  <testcase name="testDebitoCuentaValueSource{String}[1]" classname="org.aguzman.junit5app.ejemplos.models.CuentaTest$PruebasParametrizadasTest" time="0.001"/>
  <testcase name="testDebitoCuentaValueSource{String}[2]" classname="org.aguzman.junit5app.ejemplos.models.CuentaTest$PruebasParametrizadasTest" time="0"/>
  <testcase name="testDebitoCuentaValueSource{String}[3]" classname="org.aguzman.junit5app.ejemplos.models.CuentaTest$PruebasParametrizadasTest" time="0.001"/>
  <testcase name="testDebitoCuentaValueSource{String}[4]" classname="org.aguzman.junit5app.ejemplos.models.CuentaTest$PruebasParametrizadasTest" time="0.001"/>
  <testcase name="testDebitoCuentaValueSource{String}[5]" classname="org.aguzman.junit5app.ejemplos.models.CuentaTest$PruebasParametrizadasTest" time="0.001"/>
  <testcase name="testDebitoCuentaValueSource{String}[6]" classname="org.aguzman.junit5app.ejemplos.models.CuentaTest$PruebasParametrizadasTest" time="0"/>
  <testcase name="testProcesadores" classname="org.aguzman.junit5app.ejemplos.models.CuentaTest$VariableAmbienteTest" time="0.003"/>
  <testcase name="testEnv" classname="org.aguzman.junit5app.ejemplos.models.CuentaTest$VariableAmbienteTest" time="0">
    <skipped message="Environment variable [ENV] does not exist"/>
  </testcase>
  <testcase name="testEnvProdDisabled" classname="org.aguzman.junit5app.ejemplos.models.CuentaTest$VariableAmbienteTest" time="0"/>
  <testcase name="testJavaHome" classname="org.aguzman.junit5app.ejemplos.models.CuentaTest$VariableAmbienteTest" time="0">
    <skipped message="Environment variable [JAVA_HOME] with value [C:\Program Files\Java\jdk-17.0.1\] does not match regular expression [.*jdk11.*]"/>
  </testcase>
  <testcase name="imprimirVariablesAmbiente" classname="org.aguzman.junit5app.ejemplos.models.CuentaTest$VariableAmbienteTest" time="0.024"/>
  <testcase name="testDev" classname="org.aguzman.junit5app.ejemplos.models.CuentaTest$SistemPropertiesTest" time="0">
    <skipped message="System property [ENV] does not exist"/>
  </testcase>
  <testcase name="testNo64" classname="org.aguzman.junit5app.ejemplos.models.CuentaTest$SistemPropertiesTest" time="0.001"/>
  <testcase name="testUserName" classname="org.aguzman.junit5app.ejemplos.models.CuentaTest$SistemPropertiesTest" time="0"/>
  <testcase name="testJavaVersion" classname="org.aguzman.junit5app.ejemplos.models.CuentaTest$SistemPropertiesTest" time="0">
    <skipped message="System property [java.version] with value [17.0.1] does not match regular expression [.*15.*]"/>
  </testcase>
  <testcase name="imprimirSystemProperties" classname="org.aguzman.junit5app.ejemplos.models.CuentaTest$SistemPropertiesTest" time="0.029"/>
  <testcase name="testSolo64" classname="org.aguzman.junit5app.ejemplos.models.CuentaTest$SistemPropertiesTest" time="0">
    <skipped message="System property [os.arch] with value [amd64] matches regular expression [amd64]"/>
  </testcase>
  <testcase name="soloJdk17" classname="org.aguzman.junit5app.ejemplos.models.CuentaTest$JavaVersionTest" time="0"/>
  <testcase name="soloJdk8" classname="org.aguzman.junit5app.ejemplos.models.CuentaTest$JavaVersionTest" time="0">
    <skipped message="Disabled on JRE version: 17.0.1"/>
  </testcase>
  <testcase name="testNoJdk17" classname="org.aguzman.junit5app.ejemplos.models.CuentaTest$JavaVersionTest" time="0">
    <skipped message="Disabled on JRE version: 17.0.1"/>
  </testcase>
  <testcase name="testNoWindows" classname="org.aguzman.junit5app.ejemplos.models.CuentaTest$SistemaOperativoTest" time="0">
    <skipped message="Disabled on operating system: Windows 10"/>
  </testcase>
  <testcase name="testSoloLinuxMac" classname="org.aguzman.junit5app.ejemplos.models.CuentaTest$SistemaOperativoTest" time="0">
    <skipped message="Disabled on operating system: Windows 10"/>
  </testcase>
  <testcase name="testSoloWindows" classname="org.aguzman.junit5app.ejemplos.models.CuentaTest$SistemaOperativoTest" time="0.001"/>
  <testcase name="testCreditoCuenta" classname="org.aguzman.junit5app.ejemplos.models.CuentaTest$CuentaOperacionesTest" time="0"/>
  <testcase name="testDebitoCuenta" classname="org.aguzman.junit5app.ejemplos.models.CuentaTest$CuentaOperacionesTest" time="0"/>
  <testcase name="testTransferirDineroCuentas" classname="org.aguzman.junit5app.ejemplos.models.CuentaTest$CuentaOperacionesTest" time="0.001"/>
  <testcase name="testSaldoCuenta" classname="org.aguzman.junit5app.ejemplos.models.CuentaTest$CuentaTestNombreSaldo" time="0"/>
  <testcase name="testReferenciaCuenta" classname="org.aguzman.junit5app.ejemplos.models.CuentaTest$CuentaTestNombreSaldo" time="0.001"/>
  <testcase name="testNombreCuenta" classname="org.aguzman.junit5app.ejemplos.models.CuentaTest$CuentaTestNombreSaldo" time="0"/>
</testsuite>