<?xml version="1.0" encoding="UTF-8"?>
<testsuite xmlns:xsi="http://www.w3.org/2001/XMLSchema-instance" xsi:noNamespaceSchemaLocation="https://maven.apache.org/surefire/maven-surefire-plugin/xsd/surefire-test-report.xsd" name="org.aguzman.junit5app.ejemplos.models.CuentaTest" time="5.317" tests="72" errors="2" skipped="11" failures="9">
  <properties>
[...]
</properties>
  <testcase name="testDineroInsuficienteExceptionCuenta" classname="org.aguzman.junit5app.ejemplos.models.CuentaTest" time="0.041"/>
  <testcase name="testSaldoCuentaDev" classname="org.aguzman.junit5app.ejemplos.models.CuentaTest" time="0">
    <skipped message="Assumption failed: assumption is not true" type="org.opentest4j.TestAbortedException">org.opentest4j.TestAbortedException: Assumption failed: assumption is not true
	at org.aguzman.junit5app.ejemplos.models.CuentaTest.testSaldoCuentaDev(CuentaTest.java:317)
</skipped>
    <system-out><![CDATA[Iniciando el metodo.
finalizando el metodo de prueba
]]></system-out>
  </testcase>
  <testcase name="testSaldoCuentaDev2" classname="org.aguzman.junit5app.ejemplos.models.CuentaTest" time="0.002"/>
  <testcase name="testRelacionBancoCuentas" classname="org.aguzman.junit5app.ejemplos.models.CuentaTest" time="0">
    <skipped message="void org.aguzman.junit5app.ejemplos.models.CuentaTest.testRelacionBancoCuentas() is @Disabled"/>
  </testcase>
  <testcase name="testDebitoCuentaMethodSource{String}[1]" classname="org.aguzman.junit5app.ejemplos.models.CuentaTest" time="0.014"/>
  <testcase name="testDebitoCuentaMethodSource{String}[2]" classname="org.aguzman.junit5app.ejemplos.models.CuentaTest" time="0.001"/>
  <testcase name="testDebitoCuentaMethodSource{String}[3]" classname="org.aguzman.junit5app.ejemplos.models.CuentaTest" time="0.001"/>
  <testcase name="testDebitoCuentaMethodSource{String}[4]" classname="org.aguzman.junit5app.ejemplos.models.CuentaTest" time="0"/>
  <testcase name="testDebitoCuentaMethodSource{String}[5]" classname="org.aguzman.junit5app.ejemplos.models.CuentaTest" time="0.002"/>
  <testcase name="testDebitoCuentaMethodSource{String}[6]" classname="org.aguzman.junit5app.ejemplos.models.CuentaTest" time="0.002">
    <failure message="expected: &lt;true&gt; but was: &lt;false&gt;" type="org.opentest4j.AssertionFailedError"><![CDATA[org.opentest4j.AssertionFailedError: expected: <true> but was: <false>
	at org.aguzman.junit5app.ejemplos.models.CuentaTest.testDebitoCuentaMethodSource(CuentaTest.java:415)
]]></failure>
    <system-out><![CDATA[Iniciando el metodo.
finalizando el metodo de prueba
]]></system-out>
  </testcase>
  <testcase name="testDebitoCuentaRepetir{RepetitionInfo}[1]" classname="org.aguzman.junit5app.ejemplos.models.CuentaTest" time="0.001"/>
  <testcase name="testDebitoCuentaRepetir{RepetitionInfo}[2]" classname="org.aguzman.junit5app.ejemplos.models.CuentaTest" time="0"/>
  <testcase name="testDebitoCuentaRepetir{RepetitionInfo}[3]" classname="org.aguzman.junit5app.ejemplos.models.CuentaTest" time="0.003"/>
  <testcase name="testDebitoCuentaRepetir{RepetitionInfo}[4]" classname="org.aguzman.junit5app.ejemplos.models.CuentaTest" time="0.002"/>
  <testcase name="testDebitoCuentaRepetir{RepetitionInfo}[5]" classname="org.aguzman.junit5app.ejemplos.models.CuentaTest" time="0.001"/>
  <testcase name="pruebaTimeOut2" classname="org.aguzman.junit5app.ejemplos.models.CuentaTest$EjemploTimeoutTest" time="0.907"/>
  <testcase name="testTimeoutAssertions" classname="org.aguzman.junit5app.ejemplos.models.CuentaTest$EjemploTimeoutTest" time="4.008"/>
  <testcase name="pruebaTimeOut" classname="org.aguzman.junit5app.ejemplos.models.CuentaTest$EjemploTimeoutTest" time="0.105"/>
  <testcase name="testDebitoCuentaCsvSource2{String, String, String, String}[1]" classname="org.aguzman.junit5app.ejemplos.models.CuentaTest$PruebasParametrizadasTest" time="0.006">
    <failure message="expected: &lt;John&gt; but was: &lt;Andres&gt;" type="org.opentest4j.AssertionFailedError"><![CDATA[org.opentest4j.AssertionFailedError: expected: <John> but was: <Andres>
	at org.aguzman.junit5app.ejemplos.models.CuentaTest$PruebasParametrizadasTest.testDebitoCuentaCsvSource2(CuentaTest.java:383)
]]></failure>
    <system-out><![CDATA[Iniciando el metodo.
200 -> 100
finalizando el metodo de prueba
]]></system-out>
  </testcase>
  <testcase name="testDebitoCuentaCsvSource2{String, String, String, String}[2]" classname="org.aguzman.junit5app.ejemplos.models.CuentaTest$PruebasParametrizadasTest" time="0.001"/>
  <testcase name="testDebitoCuentaCsvSource2{String, String, String, String}[3]" classname="org.aguzman.junit5app.ejemplos.models.CuentaTest$PruebasParametrizadasTest" time="0.001">
    <error message="Dinero insuficiente" type="org.aguzman.junit5app.ejemplos.exceptions.DineroInsuficienteException">org.aguzman.junit5app.ejemplos.exceptions.DineroInsuficienteException: Dinero insuficiente
	at org.aguzman.junit5app.ejemplos.models.CuentaTest$PruebasParametrizadasTest.testDebitoCuentaCsvSource2(CuentaTest.java:379)
</error>
    <system-out><![CDATA[Iniciando el metodo.
299 -> 300
finalizando el metodo de prueba
]]></system-out>
  </testcase>
  <testcase name="testDebitoCuentaCsvSource2{String, String, String, String}[4]" classname="org.aguzman.junit5app.ejemplos.models.CuentaTest$PruebasParametrizadasTest" time="0.001"/>
  <testcase name="testDebitoCuentaCsvSource2{String, String, String, String}[5]" classname="org.aguzman.junit5app.ejemplos.models.CuentaTest$PruebasParametrizadasTest" time="0.004">
    <failure message="expected: &lt;Lucas&gt; but was: &lt;Luca&gt;" type="org.opentest4j.AssertionFailedError"><![CDATA[org.opentest4j.AssertionFailedError: expected: <Lucas> but was: <Luca>
	at org.aguzman.junit5app.ejemplos.models.CuentaTest$PruebasParametrizadasTest.testDebitoCuentaCsvSource2(CuentaTest.java:383)
]]></failure>
    <system-out><![CDATA[Iniciando el metodo.
750 -> 700
finalizando el metodo de prueba
]]></system-out>
  </testcase>
  <testcase name="testDebitoCuentaCsvSource2{String, String, String, String}[6]" classname="org.aguzman.junit5app.ejemplos.models.CuentaTest$PruebasParametrizadasTest" time="0.001">
    <failure message="expected: &lt;true&gt; but was: &lt;false&gt;" type="org.opentest4j.AssertionFailedError"><![CDATA[org.opentest4j.AssertionFailedError: expected: <true> but was: <false>
	at org.aguzman.junit5app.ejemplos.models.CuentaTest$PruebasParametrizadasTest.testDebitoCuentaCsvSource2(CuentaTest.java:384)
]]></failure>
    <system-out><![CDATA[Iniciando el metodo.
1000.12345 -> 1000.12345
finalizando el metodo de prueba
]]></system-out>
  </testcase>
  <testcase name="testDebitoCuentaCsvSource{String, String}[1]" classname="org.aguzman.junit5app.ejemplos.models.CuentaTest$PruebasParametrizadasTest" time="0.001"/>
  <testcase name="testDebitoCuentaCsvSource{String, String}[2]" classname="org.aguzman.junit5app.ejemplos.models.CuentaTest$PruebasParametrizadasTest" time="0.001"/>
  <testcase name="testDebitoCuentaCsvSource{String, String}[3]" classname="org.aguzman.junit5app.ejemplos.models.CuentaTest$PruebasParametrizadasTest" time="0.001"/>
  <testcase name="testDebitoCuentaCsvSource{String, String}[4]" classname="org.aguzman.junit5app.ejemplos.models.CuentaTest$PruebasParametrizadasTest" time="0.001"/>
  <testcase name="testDebitoCuentaCsvSource{String, String}[5]" classname="org.aguzman.junit5app.ejemplos.models.CuentaTest$PruebasParametrizadasTest" time="0.001"/>
  <testcase name="testDebitoCuentaCsvSource{String, String}[6]" classname="org.aguzman.junit5app.ejemplos.models.CuentaTest$PruebasParametrizadasTest" time="0.001">
    <failure message="expected: &lt;true&gt; but was: &lt;false&gt;" type="org.opentest4j.AssertionFailedError"><![CDATA[org.opentest4j.AssertionFailedError: expected: <true> but was: <false>
	at org.aguzman.junit5app.ejemplos.models.CuentaTest$PruebasParametrizadasTest.testDebitoCuentaCsvSource(CuentaTest.java:370)
]]></failure>
    <system-out><![CDATA[Iniciando el metodo.
6 -> 1000.12345
finalizando el metodo de prueba
]]></system-out>
  </testcase>
  <testcase name="testDebitoCuentaCsvFileSource{String}[1]" classname="org.aguzman.junit5app.ejemplos.models.CuentaTest$PruebasParametrizadasTest" time="0"/>
  <testcase name="testDebitoCuentaCsvFileSource{String}[2]" classname="org.aguzman.junit5app.ejemplos.models.CuentaTest$PruebasParametrizadasTest" time="0.001"/>
  <testcase name="testDebitoCuentaCsvFileSource{String}[3]" classname="org.aguzman.junit5app.ejemplos.models.CuentaTest$PruebasParametrizadasTest" time="0.001"/>
  <testcase name="testDebitoCuentaCsvFileSource{String}[4]" classname="org.aguzman.junit5app.ejemplos.models.CuentaTest$PruebasParametrizadasTest" time="0.001"/>
  <testcase name="testDebitoCuentaCsvFileSource{String}[5]" classname="org.aguzman.junit5app.ejemplos.models.CuentaTest$PruebasParametrizadasTest" time="0.002"/>
  <testcase name="testDebitoCuentaCsvFileSource{String}[6]" classname="org.aguzman.junit5app.ejemplos.models.CuentaTest$PruebasParametrizadasTest" time="0.001"/>
  <testcase name="testDebitoCuentaCsvFileSource{String}[7]" classname="org.aguzman.junit5app.ejemplos.models.CuentaTest$PruebasParametrizadasTest" time="0.001">
    <failure message="expected: &lt;true&gt; but was: &lt;false&gt;" type="org.opentest4j.AssertionFailedError"><![CDATA[org.opentest4j.AssertionFailedError: expected: <true> but was: <false>
	at org.aguzman.junit5app.ejemplos.models.CuentaTest$PruebasParametrizadasTest.testDebitoCuentaCsvFileSource(CuentaTest.java:393)
]]></failure>
    <system-out><![CDATA[Iniciando el metodo.
finalizando el metodo de prueba
]]></system-out>
  </testcase>
  <testcase name="testDebitoCuentaCsvFileSource2{String, String, String, String}[1]" classname="org.aguzman.junit5app.ejemplos.models.CuentaTest$PruebasParametrizadasTest" time="0.001">
    <failure message="expected: &lt;John&gt; but was: &lt;Andres&gt;" type="org.opentest4j.AssertionFailedError"><![CDATA[org.opentest4j.AssertionFailedError: expected: <John> but was: <Andres>
	at org.aguzman.junit5app.ejemplos.models.CuentaTest$PruebasParametrizadasTest.testDebitoCuentaCsvFileSource2(CuentaTest.java:405)
]]></failure>
    <system-out><![CDATA[Iniciando el metodo.
finalizando el metodo de prueba
]]></system-out>
  </testcase>
  <testcase name="testDebitoCuentaCsvFileSource2{String, String, String, String}[2]" classname="org.aguzman.junit5app.ejemplos.models.CuentaTest$PruebasParametrizadasTest" time="0.001"/>
  <testcase name="testDebitoCuentaCsvFileSource2{String, String, String, String}[3]" classname="org.aguzman.junit5app.ejemplos.models.CuentaTest$PruebasParametrizadasTest" time="0.001">
    <error message="Dinero insuficiente" type="org.aguzman.junit5app.ejemplos.exceptions.DineroInsuficienteException">org.aguzman.junit5app.ejemplos.exceptions.DineroInsuficienteException: Dinero insuficiente
	at org.aguzman.junit5app.ejemplos.models.CuentaTest$PruebasParametrizadasTest.testDebitoCuentaCsvFileSource2(CuentaTest.java:401)
</error>
    <system-out><![CDATA[Iniciando el metodo.
finalizando el metodo de prueba
]]></system-out>
  </testcase>
  <testcase name="testDebitoCuentaCsvFileSource2{String, String, String, String}[4]" classname="org.aguzman.junit5app.ejemplos.models.CuentaTest$PruebasParametrizadasTest" time="0.001"/>
  <testcase name="testDebitoCuentaCsvFileSource2{String, String, String, String}[5]" classname="org.aguzman.junit5app.ejemplos.models.CuentaTest$PruebasParametrizadasTest" time="0.004">
    <failure message="expected: &lt;Lucas&gt; but was: &lt;Luca&gt;" type="org.opentest4j.AssertionFailedError"><![CDATA[org.opentest4j.AssertionFailedError: expected: <Lucas> but was: <Luca>
	at org.aguzman.junit5app.ejemplos.models.CuentaTest$PruebasParametrizadasTest.testDebitoCuentaCsvFileSource2(CuentaTest.java:405)
]]></failure>
    <system-out><![CDATA[Iniciando el metodo.
finalizando el metodo de prueba
]]></system-out>
  </testcase>
  <testcase name="testDebitoCuentaCsvFileSource2{String, String, String, String}[6]" classname="org.aguzman.junit5app.ejemplos.models.CuentaTest$PruebasParametrizadasTest" time="0.001">
    <failure message="expected: &lt;true&gt; but was: &lt;false&gt;" type="org.opentest4j.AssertionFailedError"><![CDATA[org.opentest4j.AssertionFailedError: expected: <true> but was: <false>
	at org.aguzman.junit5app.ejemplos.models.CuentaTest$PruebasParametrizadasTest.testDebitoCuentaCsvFileSource2(CuentaTest.java:406)
]]></failure>
    <system-out><![CDATA[Iniciando el metodo.
finalizando el metodo de prueba
]]></system-out>
  </testcase>
  <testcase name="testDebitoCuentaValueSource{String}[1]" classname="org.aguzman.junit5app.ejemplos.models.CuentaTest$PruebasParametrizadasTest" time="0.001"/>
  <testcase name="testDebitoCuentaValueSource{String}[2]" classname="org.aguzman.junit5app.ejemplos.models.CuentaTest$PruebasParametrizadasTest" time="0"/>
  <testcase name="testDebitoCuentaValueSource{String}[3]" classname="org.aguzman.junit5app.ejemplos.models.CuentaTest$PruebasParametrizadasTest" time="0.001"/>
  <testcase name="testDebitoCuentaValueSource{String}[4]" classname="org.aguzman.junit5app.ejemplos.models.CuentaTest$PruebasParametrizadasTest" time="0.001"/>
  <testcase name="testDebitoCuentaValueSource{String}[5]" classname="org.aguzman.junit5app.ejemplos.models.CuentaTest$PruebasParametrizadasTest" time="0.001"/>
  <testcase name="testDebitoCuentaValueSource{String}[6]" classname="org.aguzman.junit5app.ejemplos.models.CuentaTest$PruebasParametrizadasTest" time="0"/>
  <testcase name="testProcesadores" classname="org.aguzman.junit5app.ejemplos.models.CuentaTest$VariableAmbienteTest" time="0.003"/>
  <testcase name="testEnv" classname="org.aguzman.junit5app.ejemplos.models.CuentaTest$VariableAmbienteTest" time="0">
    <skipped message="Environment variable [ENV] does not exist"/>
  </testcase>
  <testcase name="testEnvProdDisabled" classname="org.aguzman.junit5app.ejemplos.models.CuentaTest$VariableAmbienteTest" time="0"/>
  <testcase name="testJavaHome" classname="org.aguzman.junit5app.ejemplos.models.CuentaTest$VariableAmbienteTest" time="0">
    <skipped message="Environment variable [JAVA_HOME] with value [C:\Program Files\Java\jdk-17.0.1\] does not match regular expression [.*jdk11.*]"/>
  </testcase>
  <testcase name="imprimirVariablesAmbiente" classname="org.aguzman.junit5app.ejemplos.models.CuentaTest$VariableAmbienteTest" time="0.024"/>
  <testcase name="testDev" classname="org.aguzman.junit5app.ejemplos.models.CuentaTest$SistemPropertiesTest" time="0">
    <skipped message="System property [ENV] does not exist"/>
  </testcase>
  <testcase name="testNo64" classname="org.aguzman.junit5app.ejemplos.models.CuentaTest$SistemPropertiesTest" time="0.001"/>
  <testcase name="testUserName" classname="org.aguzman.junit5app.ejemplos.models.CuentaTest$SistemPropertiesTest" time="0"/>
  <testcase name="testJavaVersion" classname="org.aguzman.junit5app.ejemplos.models.CuentaTest$SistemPropertiesTest" time="0">
    <skipped message="System property [java.version] with value [17.0.1] does not match regular expression [.*15.*]"/>
  </testcase>
  <testcase name="imprimirSystemProperties" classname="org.aguzman.junit5app.ejemplos.models.CuentaTest$SistemPropertiesTest" time="0.029"/>
  <testcase name="testSolo64" classname="org.aguzman.junit5app.ejemplos.models.CuentaTest$SistemPropertiesTest" time="0">
    <skipped message="System property [os.arch] with value [amd64] matches regular expression [amd64]"/>
  </testcase>
  <testcase name="soloJdk17" classname="org.aguzman.junit5app.ejemplos.models.CuentaTest$JavaVersionTest" time="0"/>
  <testcase name="soloJdk8" classname="org.aguzman.junit5app.ejemplos.models.CuentaTest$JavaVersionTest" time="0">
    <skipped message="Disabled on JRE version: 17.0.1"/>
  </testcase>
  <testcase name="testNoJdk17" classname="org.aguzman.junit5app.ejemplos.models.CuentaTest$JavaVersionTest" time="0">
    <skipped message="Disabled on JRE version: 17.0.1"/>
  </testcase>
  <testcase name="testNoWindows" classname="org.aguzman.junit5app.ejemplos.models.CuentaTest$SistemaOperativoTest" time="0">
    <skipped message="Disabled on operating system: Windows 10"/>
  </testcase>
  <testcase name="testSoloLinuxMac" classname="org.aguzman.junit5app.ejemplos.models.CuentaTest$SistemaOperativoTest" time="0">
    <skipped message="Disabled on operating system: Windows 10"/>
  </testcase>
  <testcase name="testSoloWindows" classname="org.aguzman.junit5app.ejemplos.models.CuentaTest$SistemaOperativoTest" time="0.001"/>
  <testcase name="testCreditoCuenta" classname="org.aguzman.junit5app.ejemplos.models.CuentaTest$CuentaOperacionesTest" time="0"/>
  <testcase name="testDebitoCuenta" classname="org.aguzman.junit5app.ejemplos.models.CuentaTest$CuentaOperacionesTest" time="0"/>
  <testcase name="testTransferirDineroCuentas" classname="org.aguzman.junit5app.ejemplos.models.CuentaTest$CuentaOperacionesTest" time="0.001"/>
  <testcase name="testSaldoCuenta" classname="org.aguzman.junit5app.ejemplos.models.CuentaTest$CuentaTestNombreSaldo" time="0"/>
  <testcase name="testReferenciaCuenta" classname="org.aguzman.junit5app.ejemplos.models.CuentaTest$CuentaTestNombreSaldo" time="0.001"/>
  <testcase name="testNombreCuenta" classname="org.aguzman.junit5app.ejemplos.models.CuentaTest$CuentaTestNombreSaldo" time="0"/>
</testsuite>